This is cutadapt 3.4 with Python 3.9.6
Command line parameters: -a AGATCGGAAGAGCACACGTCTGAACTCCAGTCA -o /projects/bgmp/jadler2/bioinfo/Bi623/QAA/trimmed_23_4A_control_S17_L008_R1_001.fastq.gz /projects/bgmp/shared/2017_sequencing/demultiplexed/23_4A_control_S17_L008_R1_001.fastq.gz -j 6
Processing reads on 6 cores in single-end mode ...
Finished in 127.78 s (3 µs/read; 20.80 M reads/minute).

=== Summary ===

Total reads processed:              44,303,262
Reads with adapters:                 1,359,563 (3.1%)
Reads written (passing filters):    44,303,262 (100.0%)

Total basepairs processed: 4,474,629,462 bp
Total written (filtered):  4,463,209,580 bp (99.7%)

=== Adapter 1 ===

Sequence: AGATCGGAAGAGCACACGTCTGAACTCCAGTCA; Type: regular 3'; Length: 33; Trimmed: 1359563 times

No. of allowed errors:
1-9 bp: 0; 10-19 bp: 1; 20-29 bp: 2; 30-33 bp: 3

Bases preceding removed adapters:
  A: 23.4%
  C: 29.6%
  G: 30.7%
  T: 15.0%
  none/other: 1.3%

Overview of removed sequences
length	count	expect	max.err	error counts
3	791457	692238.5	0	791457
4	175590	173059.6	0	175590
5	57940	43264.9	0	57940
6	19829	10816.2	0	19829
7	17401	2704.1	0	17401
8	15343	676.0	0	15343
9	15674	169.0	0	14913 761
10	16118	42.3	1	14804 1314
11	14035	10.6	1	13367 668
12	13261	2.6	1	12738 523
13	12811	0.7	1	12317 494
14	12126	0.2	1	11645 481
15	11450	0.0	1	11022 428
16	10938	0.0	1	10472 466
17	10444	0.0	1	10040 404
18	9874	0.0	1	9446 412 16
19	9270	0.0	1	8852 398 20
20	8622	0.0	2	8169 396 57
21	8207	0.0	2	7775 366 66
22	7947	0.0	2	7533 357 57
23	7408	0.0	2	6988 362 58
24	7084	0.0	2	6631 393 60
25	6425	0.0	2	6054 309 62
26	6257	0.0	2	5864 335 58
27	5635	0.0	2	5296 279 56 4
28	5381	0.0	2	5059 266 47 9
29	5153	0.0	2	4824 253 59 17
30	4902	0.0	3	4546 285 45 26
31	4262	0.0	3	3922 270 49 21
32	3993	0.0	3	3693 246 41 13
33	3738	0.0	3	3465 228 32 13
34	3506	0.0	3	3231 233 28 14
35	3177	0.0	3	2965 160 34 18
36	3107	0.0	3	2871 195 31 10
37	2861	0.0	3	2694 133 19 15
38	2627	0.0	3	2436 158 23 10
39	2534	0.0	3	2335 161 23 15
40	2307	0.0	3	2131 137 25 14
41	2049	0.0	3	1919 107 15 8
42	1915	0.0	3	1771 125 15 4
43	1656	0.0	3	1534 94 21 7
44	1520	0.0	3	1418 78 18 6
45	1437	0.0	3	1319 85 21 12
46	1319	0.0	3	1216 73 17 13
47	1175	0.0	3	1088 64 13 10
48	1053	0.0	3	954 81 13 5
49	1022	0.0	3	952 53 12 5
50	964	0.0	3	890 55 6 13
51	888	0.0	3	822 54 8 4
52	767	0.0	3	698 52 5 12
53	689	0.0	3	628 50 9 2
54	655	0.0	3	603 38 12 2
55	604	0.0	3	545 45 4 10
56	490	0.0	3	455 25 8 2
57	476	0.0	3	437 28 5 6
58	433	0.0	3	396 25 9 3
59	409	0.0	3	357 39 6 7
60	431	0.0	3	393 27 6 5
61	389	0.0	3	359 25 3 2
62	348	0.0	3	314 19 8 7
63	308	0.0	3	272 20 5 11
64	283	0.0	3	262 13 6 2
65	246	0.0	3	220 17 4 5
66	216	0.0	3	190 15 9 2
67	187	0.0	3	164 15 4 4
68	161	0.0	3	150 7 4
69	189	0.0	3	168 17 1 3
70	180	0.0	3	156 15 6 3
71	118	0.0	3	105 8 1 4
72	119	0.0	3	109 8 1 1
73	83	0.0	3	71 5 5 2
74	62	0.0	3	57 3 1 1
75	61	0.0	3	54 6 0 1
76	48	0.0	3	41 4 1 2
77	38	0.0	3	33 5
78	31	0.0	3	25 4 2
79	21	0.0	3	19 2
80	26	0.0	3	23 1 2
81	23	0.0	3	19 2 1 1
82	12	0.0	3	8 3 0 1
83	14	0.0	3	8 3 1 2
84	13	0.0	3	13
85	11	0.0	3	11
86	14	0.0	3	12 1 1
87	14	0.0	3	14
88	8	0.0	3	8
89	5	0.0	3	4 1
90	6	0.0	3	5 1
91	11	0.0	3	10 1
92	4	0.0	3	3 0 0 1
93	9	0.0	3	8 1
94	3	0.0	3	3
95	2	0.0	3	1 1
96	6	0.0	3	5 0 0 1
97	3	0.0	3	3
98	7	0.0	3	6 1
99	5	0.0	3	4 0 1
100	1	0.0	3	1
101	17632	0.0	3	5 16092 1376 159
	Command being timed: "cutadapt -a AGATCGGAAGAGCACACGTCTGAACTCCAGTCA -o /projects/bgmp/jadler2/bioinfo/Bi623/QAA/trimmed_23_4A_control_S17_L008_R1_001.fastq.gz /projects/bgmp/shared/2017_sequencing/demultiplexed/23_4A_control_S17_L008_R1_001.fastq.gz -j 6"
	User time (seconds): 862.23
	System time (seconds): 21.90
	Percent of CPU this job got: 691%
	Elapsed (wall clock) time (h:mm:ss or m:ss): 2:07.87
	Average shared text size (kbytes): 0
	Average unshared data size (kbytes): 0
	Average stack size (kbytes): 0
	Average total size (kbytes): 0
	Maximum resident set size (kbytes): 799552
	Average resident set size (kbytes): 0
	Major (requiring I/O) page faults: 0
	Minor (reclaiming a frame) page faults: 2688590
	Voluntary context switches: 968493
	Involuntary context switches: 7345
	Swaps: 0
	File system inputs: 0
	File system outputs: 0
	Socket messages sent: 0
	Socket messages received: 0
	Signals delivered: 0
	Page size (bytes): 4096
	Exit status: 0
This is cutadapt 3.4 with Python 3.9.6
Command line parameters: -a AGATCGGAAGAGCGTCGTGTAGGGAAAGAGTGT -o /projects/bgmp/jadler2/bioinfo/Bi623/QAA/trimme_23_4A_control_S17_L008_R2_001.fastq.gz /projects/bgmp/shared/2017_sequencing/demultiplexed/23_4A_control_S17_L008_R2_001.fastq.gz -j 6
Processing reads on 6 cores in single-end mode ...
Finished in 141.67 s (3 µs/read; 18.76 M reads/minute).

=== Summary ===

Total reads processed:              44,303,262
Reads with adapters:                 1,657,134 (3.7%)
Reads written (passing filters):    44,303,262 (100.0%)

Total basepairs processed: 4,474,629,462 bp
Total written (filtered):  4,461,889,704 bp (99.7%)

=== Adapter 1 ===

Sequence: AGATCGGAAGAGCGTCGTGTAGGGAAAGAGTGT; Type: regular 3'; Length: 33; Trimmed: 1657134 times

No. of allowed errors:
1-9 bp: 0; 10-19 bp: 1; 20-29 bp: 2; 30-33 bp: 3

Bases preceding removed adapters:
  A: 26.3%
  C: 28.5%
  G: 33.0%
  T: 11.1%
  none/other: 1.1%

Overview of removed sequences
length	count	expect	max.err	error counts
3	1009400	692238.5	0	1009400
4	234147	173059.6	0	234147
5	61839	43264.9	0	61839
6	24119	10816.2	0	24119
7	18035	2704.1	0	18035
8	15572	676.0	0	15572
9	16517	169.0	0	15149 1368
10	16914	42.3	1	15107 1807
11	14843	10.6	1	13667 1176
12	13724	2.6	1	13037 687
13	13000	0.7	1	12617 383
14	12366	0.2	1	12034 332
15	11662	0.0	1	11248 414
16	11182	0.0	1	10762 420
17	10654	0.0	1	10228 426
18	10073	0.0	1	9602 458 13
19	9449	0.0	1	9092 348 9
20	8782	0.0	2	8320 359 103
21	8423	0.0	2	7983 359 81
22	8182	0.0	2	7747 360 75
23	7615	0.0	2	7178 355 82
24	7287	0.0	2	6877 327 83
25	6596	0.0	2	6218 313 65
26	6437	0.0	2	6031 328 78
27	5790	0.0	2	5437 283 66 4
28	5576	0.0	2	5216 285 72 3
29	5329	0.0	2	4968 261 89 11
30	5119	0.0	3	4727 286 69 37
31	4428	0.0	3	4017 298 77 36
32	4147	0.0	3	3811 225 64 47
33	3904	0.0	3	3589 224 54 37
34	3676	0.0	3	3386 192 69 29
35	3328	0.0	3	3066 147 61 54
36	3257	0.0	3	2975 163 61 58
37	3021	0.0	3	2766 145 63 47
38	2801	0.0	3	2554 130 59 58
39	2690	0.0	3	2417 133 88 52
40	2482	0.0	3	2269 105 43 65
41	2195	0.0	3	1981 128 38 48
42	2054	0.0	3	1876 100 31 47
43	1806	0.0	3	1642 91 33 40
44	1631	0.0	3	1493 74 34 30
45	1571	0.0	3	1388 89 51 43
46	1443	0.0	3	1296 77 36 34
47	1303	0.0	3	1161 75 31 36
48	1207	0.0	3	1052 66 44 45
49	1147	0.0	3	1018 66 32 31
50	1086	0.0	3	950 87 32 17
51	1029	0.0	3	899 61 36 33
52	901	0.0	3	787 51 33 30
53	789	0.0	3	686 50 31 22
54	760	0.0	3	659 46 30 25
55	735	0.0	3	625 47 32 31
56	614	0.0	3	500 54 31 29
57	582	0.0	3	474 49 30 29
58	584	0.0	3	473 48 22 41
59	507	0.0	3	413 42 27 25
60	538	0.0	3	457 32 22 27
61	502	0.0	3	420 36 17 29
62	469	0.0	3	368 43 26 32
63	408	0.0	3	325 40 20 23
64	381	0.0	3	303 31 23 24
65	341	0.0	3	281 23 17 20
66	308	0.0	3	247 26 20 15
67	264	0.0	3	211 22 18 13
68	241	0.0	3	185 27 16 13
69	277	0.0	3	216 17 23 21
70	271	0.0	3	210 29 13 19
71	201	0.0	3	149 20 13 19
72	185	0.0	3	135 23 10 17
73	133	0.0	3	97 12 11 13
74	130	0.0	3	85 13 16 16
75	109	0.0	3	80 9 9 11
76	92	0.0	3	56 15 7 14
77	87	0.0	3	57 9 12 9
78	79	0.0	3	49 5 16 9
79	47	0.0	3	28 6 7 6
80	53	0.0	3	27 7 7 12
81	27	0.0	3	23 1 1 2
82	20	0.0	3	14 0 3 3
83	19	0.0	3	9 4 2 4
84	19	0.0	3	15 2 0 2
85	21	0.0	3	9 5 2 5
86	20	0.0	3	16 1 1 2
87	23	0.0	3	16 3 0 4
88	11	0.0	3	7 2 1 1
89	8	0.0	3	4 2 1 1
90	8	0.0	3	7 1
91	14	0.0	3	10 1 0 3
92	4	0.0	3	3 0 1
93	13	0.0	3	8 1 1 3
94	4	0.0	3	3 0 0 1
95	2	0.0	3	2
96	7	0.0	3	2 3 0 2
97	4	0.0	3	1 1 1 1
98	9	0.0	3	5 2 0 2
99	5	0.0	3	2 2 0 1
100	4	0.0	3	0 1 1 2
101	17466	0.0	3	4 16045 1179 238
	Command being timed: "cutadapt -a AGATCGGAAGAGCGTCGTGTAGGGAAAGAGTGT -o /projects/bgmp/jadler2/bioinfo/Bi623/QAA/trimme_23_4A_control_S17_L008_R2_001.fastq.gz /projects/bgmp/shared/2017_sequencing/demultiplexed/23_4A_control_S17_L008_R2_001.fastq.gz -j 6"
	User time (seconds): 917.56
	System time (seconds): 22.25
	Percent of CPU this job got: 662%
	Elapsed (wall clock) time (h:mm:ss or m:ss): 2:21.76
	Average shared text size (kbytes): 0
	Average unshared data size (kbytes): 0
	Average stack size (kbytes): 0
	Average total size (kbytes): 0
	Maximum resident set size (kbytes): 787972
	Average resident set size (kbytes): 0
	Major (requiring I/O) page faults: 0
	Minor (reclaiming a frame) page faults: 2679099
	Voluntary context switches: 978643
	Involuntary context switches: 9326
	Swaps: 0
	File system inputs: 0
	File system outputs: 0
	Socket messages sent: 0
	Socket messages received: 0
	Signals delivered: 0
	Page size (bytes): 4096
	Exit status: 0
