TrimmomaticPE: Started with arguments:
 -threads 8 /projects/bgmp/jadler2/bioinfo/Bi623/QAA/trimmed_31_4F_fox_S22_L008_R1_001.fastq.gz /projects/bgmp/jadler2/bioinfo/Bi623/QAA/trimmed_31_4F_fox_S22_L008_R2_001.fastq.gz -baseout Trim_Reads/quality_trimmed_31_4F_fox_S22_L008_001.fastq.gz LEADING:3 TRAILING:3 SLIDINGWINDOW:5:15 MINLEN:35
Using templated Output files: Trim_Reads/quality_trimmed_31_4F_fox_S22_L008_001_1P.fastq.gz Trim_Reads/quality_trimmed_31_4F_fox_S22_L008_001_1U.fastq.gz Trim_Reads/quality_trimmed_31_4F_fox_S22_L008_001_2P.fastq.gz Trim_Reads/quality_trimmed_31_4F_fox_S22_L008_001_2U.fastq.gz
Quality encoding detected as phred33
slurmstepd: error: *** JOB 16174321 ON n225 CANCELLED AT 2021-09-01T14:55:45 ***
Input Read Pairs: 3788343 Both Surviving: 3597908 (94.97%) Forward Only Surviving: 151048 (3.99%) Reverse Only Surviving: 2965 (0.08%) Dropped: 36422 (0.96%)
TrimmomaticPE: Completed successfully
	Command being timed: "java -jar /projects/bgmp/jadler2/bioinfo/Bi623/QAA/Trimmomatic-0.39/trimmomatic-0.39.jar PE -threads 8 /projects/bgmp/jadler2/bioinfo/Bi623/QAA/trimmed_31_4F_fox_S22_L008_R1_001.fastq.gz /projects/bgmp/jadler2/bioinfo/Bi623/QAA/trimmed_31_4F_fox_S22_L008_R2_001.fastq.gz -baseout Trim_Reads/quality_trimmed_31_4F_fox_S22_L008_001.fastq.gz LEADING:3 TRAILING:3 SLIDINGWINDOW:5:15 MINLEN:35"
	User time (seconds): 218.71
	System time (seconds): 3.71
	Percent of CPU this job got: 225%
	Elapsed (wall clock) time (h:mm:ss or m:ss): 1:38.43
	Average shared text size (kbytes): 0
	Average unshared data size (kbytes): 0
	Average stack size (kbytes): 0
	Average total size (kbytes): 0
	Maximum resident set size (kbytes): 568832
	Average resident set size (kbytes): 0
	Major (requiring I/O) page faults: 0
	Minor (reclaiming a frame) page faults: 47732
	Voluntary context switches: 43942
	Involuntary context switches: 431
	Swaps: 0
	File system inputs: 0
	File system outputs: 160
	Socket messages sent: 0
	Socket messages received: 0
	Signals delivered: 0
	Page size (bytes): 4096
	Exit status: 0
