Warning: Read K00337:83:HJKJNBBXX:8:1221:9262:35585 claims to have an aligned mate which could not be found in an adjacent line.
Warning: 78373357 reads with missing mate encountered.
	Command being timed: "htseq-count -q -f sam -s reverse align/control/Aligned.out.sam Mus_musculus.GRCm39.104.gtf"
	User time (seconds): 3399.75
	System time (seconds): 7.77
	Percent of CPU this job got: 98%
	Elapsed (wall clock) time (h:mm:ss or m:ss): 57:22.62
	Average shared text size (kbytes): 0
	Average unshared data size (kbytes): 0
	Average stack size (kbytes): 0
	Average total size (kbytes): 0
	Maximum resident set size (kbytes): 164940
	Average resident set size (kbytes): 0
	Major (requiring I/O) page faults: 0
	Minor (reclaiming a frame) page faults: 180805
	Voluntary context switches: 2789
	Involuntary context switches: 8458
	Swaps: 0
	File system inputs: 0
	File system outputs: 0
	Socket messages sent: 0
	Socket messages received: 0
	Signals delivered: 0
	Page size (bytes): 4096
	Exit status: 0
