Warning: Read K00337:83:HJKJNBBXX:8:2208:25641:5763 claims to have an aligned mate which could not be found in an adjacent line.
Warning: 6190260 reads with missing mate encountered.
	Command being timed: "htseq-count -q -f sam -s reverse align/fox/Aligned.out.sam Mus_musculus.GRCm39.104.gtf"
	User time (seconds): 356.71
	System time (seconds): 1.09
	Percent of CPU this job got: 99%
	Elapsed (wall clock) time (h:mm:ss or m:ss): 5:58.70
	Average shared text size (kbytes): 0
	Average unshared data size (kbytes): 0
	Average stack size (kbytes): 0
	Average total size (kbytes): 0
	Maximum resident set size (kbytes): 164772
	Average resident set size (kbytes): 0
	Major (requiring I/O) page faults: 0
	Minor (reclaiming a frame) page faults: 142999
	Voluntary context switches: 598
	Involuntary context switches: 902
	Swaps: 0
	File system inputs: 0
	File system outputs: 0
	Socket messages sent: 0
	Socket messages received: 0
	Signals delivered: 0
	Page size (bytes): 4096
	Exit status: 0
