Warning: Read K00337:83:HJKJNBBXX:8:1221:9262:35585 claims to have an aligned mate which could not be found in an adjacent line.
Warning: 78373357 reads with missing mate encountered.
	Command being timed: "htseq-count -q -f sam -s no align/control/Aligned.out.sam Mus_musculus.GRCm39.104.gtf"
	User time (seconds): 3355.75
	System time (seconds): 7.90
	Percent of CPU this job got: 95%
	Elapsed (wall clock) time (h:mm:ss or m:ss): 58:25.28
	Average shared text size (kbytes): 0
	Average unshared data size (kbytes): 0
	Average stack size (kbytes): 0
	Average total size (kbytes): 0
	Maximum resident set size (kbytes): 165968
	Average resident set size (kbytes): 0
	Major (requiring I/O) page faults: 0
	Minor (reclaiming a frame) page faults: 183164
	Voluntary context switches: 6379
	Involuntary context switches: 8084
	Swaps: 0
	File system inputs: 0
	File system outputs: 0
	Socket messages sent: 0
	Socket messages received: 0
	Signals delivered: 0
	Page size (bytes): 4096
	Exit status: 0
