	STAR --runThreadN 8 --runMode alignReads --outFilterMultimapNmax 3 --outSAMunmapped Within KeepPairs --alignIntronMax 1000000 --alignMatesGapMax 1000000 --readFilesCommand zcat --readFilesIn /projects/bgmp/jadler2/bioinfo/Bi623/QAA/Trim_Reads/quality_trimmed_31_4F_fox_S22_L008_001_1P.fastq.gz /projects/bgmp/jadler2/bioinfo/Bi623/QAA/Trim_Reads/quality_trimmed_31_4F_fox_S22_L008_001_2P.fastq.gz --genomeDir /projects/bgmp/jadler2/bioinfo/Bi623/QAA/Mus_musculus.GRCm39.dna.ens.104.STAR_2.7.9a --outFileNamePrefix ./align/fox/
	STAR version: 2.7.9a   compiled: 2021-05-04T09:43:56-0400 vega:/home/dobin/data/STAR/STARcode/STAR.master/source
Sep 06 16:59:30 ..... started STAR run
Sep 06 16:59:30 ..... loading genome
Sep 06 16:59:40 ..... started mapping
Sep 06 17:00:15 ..... finished mapping
Sep 06 17:00:15 ..... finished successfully
	Command being timed: "STAR --runThreadN 8 --runMode alignReads --outFilterMultimapNmax 3 --outSAMunmapped Within KeepPairs --alignIntronMax 1000000 --alignMatesGapMax 1000000 --readFilesCommand zcat --readFilesIn /projects/bgmp/jadler2/bioinfo/Bi623/QAA/Trim_Reads/quality_trimmed_31_4F_fox_S22_L008_001_1P.fastq.gz /projects/bgmp/jadler2/bioinfo/Bi623/QAA/Trim_Reads/quality_trimmed_31_4F_fox_S22_L008_001_2P.fastq.gz --genomeDir /projects/bgmp/jadler2/bioinfo/Bi623/QAA/Mus_musculus.GRCm39.dna.ens.104.STAR_2.7.9a --outFileNamePrefix ./align/fox/"
	User time (seconds): 227.72
	System time (seconds): 11.96
	Percent of CPU this job got: 523%
	Elapsed (wall clock) time (h:mm:ss or m:ss): 0:45.75
	Average shared text size (kbytes): 0
	Average unshared data size (kbytes): 0
	Average stack size (kbytes): 0
	Average total size (kbytes): 0
	Maximum resident set size (kbytes): 27353896
	Average resident set size (kbytes): 0
	Major (requiring I/O) page faults: 0
	Minor (reclaiming a frame) page faults: 157228
	Voluntary context switches: 21660
	Involuntary context switches: 1828
	Swaps: 0
	File system inputs: 0
	File system outputs: 0
	Socket messages sent: 0
	Socket messages received: 0
	Signals delivered: 0
	Page size (bytes): 4096
	Exit status: 0
