	STAR --runThreadN 8 --runMode alignReads --outFilterMultimapNmax 3 --outSAMunmapped Within KeepPairs --alignIntronMax 1000000 --alignMatesGapMax 1000000 --readFilesCommand zcat --readFilesIn /projects/bgmp/jadler2/bioinfo/Bi623/QAA/Trim_Reads/quality_trimmed_31_4F_fox_S22_L008_001_1P.fastq.gz /projects/bgmp/jadler2/bioinfo/Bi623/QAA/Trim_Reads/quality_trimmed_31_4F_fox_S22_L008_001_2P.fastq.gz --genomeDir /projects/bgmp/jadler2/bioinfo/Bi623/QAA/Mus_musculus.GRCm39.dna.ens.104.STAR_2.7.9a --outFileNamePrefix ./align/
	STAR version: 2.7.9a   compiled: 2021-05-04T09:43:56-0400 vega:/home/dobin/data/STAR/STARcode/STAR.master/source
Sep 01 18:10:17 ..... started STAR run
Sep 01 18:10:17 ..... loading genome
Sep 01 18:10:27 ..... started mapping
Sep 01 18:10:58 ..... finished mapping
Sep 01 18:10:58 ..... finished successfully
	Command being timed: "STAR --runThreadN 8 --runMode alignReads --outFilterMultimapNmax 3 --outSAMunmapped Within KeepPairs --alignIntronMax 1000000 --alignMatesGapMax 1000000 --readFilesCommand zcat --readFilesIn /projects/bgmp/jadler2/bioinfo/Bi623/QAA/Trim_Reads/quality_trimmed_31_4F_fox_S22_L008_001_1P.fastq.gz /projects/bgmp/jadler2/bioinfo/Bi623/QAA/Trim_Reads/quality_trimmed_31_4F_fox_S22_L008_001_2P.fastq.gz --genomeDir /projects/bgmp/jadler2/bioinfo/Bi623/QAA/Mus_musculus.GRCm39.dna.ens.104.STAR_2.7.9a --outFileNamePrefix ./align/"
	User time (seconds): 214.60
	System time (seconds): 9.73
	Percent of CPU this job got: 549%
	Elapsed (wall clock) time (h:mm:ss or m:ss): 0:40.79
	Average shared text size (kbytes): 0
	Average unshared data size (kbytes): 0
	Average stack size (kbytes): 0
	Average total size (kbytes): 0
	Maximum resident set size (kbytes): 27339640
	Average resident set size (kbytes): 0
	Major (requiring I/O) page faults: 0
	Minor (reclaiming a frame) page faults: 144051
	Voluntary context switches: 23343
	Involuntary context switches: 352
	Swaps: 0
	File system inputs: 0
	File system outputs: 0
	Socket messages sent: 0
	Socket messages received: 0
	Signals delivered: 0
	Page size (bytes): 4096
	Exit status: 0
