input file: /projects/bgmp/jadler2/bioinfo/Bi623/QAA/align/control/Aligned.out.sam
output summary file: /projects/bgmp/jadler2/bioinfo/Bi623/QAA/mapping_summaries/map_v_unmap_control.txt
mapped reads: 79473045
unmapped reads: 4640081
	Command being timed: "/projects/bgmp/jadler2/bioinfo/Bi623/QAA/python_scripts/sam_filter.py -f /projects/bgmp/jadler2/bioinfo/Bi623/QAA/align/control/Aligned.out.sam -o /projects/bgmp/jadler2/bioinfo/Bi623/QAA/mapping_summaries/map_v_unmap_control.txt"
	User time (seconds): 122.50
	System time (seconds): 6.85
	Percent of CPU this job got: 99%
	Elapsed (wall clock) time (h:mm:ss or m:ss): 2:09.79
	Average shared text size (kbytes): 0
	Average unshared data size (kbytes): 0
	Average stack size (kbytes): 0
	Average total size (kbytes): 0
	Maximum resident set size (kbytes): 8836
	Average resident set size (kbytes): 0
	Major (requiring I/O) page faults: 0
	Minor (reclaiming a frame) page faults: 4646
	Voluntary context switches: 1287
	Involuntary context switches: 298
	Swaps: 0
	File system inputs: 0
	File system outputs: 0
	Socket messages sent: 0
	Socket messages received: 0
	Signals delivered: 0
	Page size (bytes): 4096
	Exit status: 0
