input file: /projects/bgmp/jadler2/bioinfo/Bi623/QAA/align/fox/Aligned.out.sam
output summary file: /projects/bgmp/jadler2/bioinfo/Bi623/QAA/mapping_summaries/map_v_unmap_fox.txt
mapped reads: 6969878
unmapped reads: 225938
	Command being timed: "/projects/bgmp/jadler2/bioinfo/Bi623/QAA/python_scripts/sam_filter.py -f /projects/bgmp/jadler2/bioinfo/Bi623/QAA/align/fox/Aligned.out.sam -o /projects/bgmp/jadler2/bioinfo/Bi623/QAA/mapping_summaries/map_v_unmap_fox.txt"
	User time (seconds): 9.72
	System time (seconds): 0.61
	Percent of CPU this job got: 99%
	Elapsed (wall clock) time (h:mm:ss or m:ss): 0:10.37
	Average shared text size (kbytes): 0
	Average unshared data size (kbytes): 0
	Average stack size (kbytes): 0
	Average total size (kbytes): 0
	Maximum resident set size (kbytes): 8836
	Average resident set size (kbytes): 0
	Major (requiring I/O) page faults: 0
	Minor (reclaiming a frame) page faults: 3949
	Voluntary context switches: 145
	Involuntary context switches: 24
	Swaps: 0
	File system inputs: 0
	File system outputs: 0
	Socket messages sent: 0
	Socket messages received: 0
	Signals delivered: 0
	Page size (bytes): 4096
	Exit status: 0
