input file: /projects/bgmp/jadler2/bioinfo/Bi623/QAA/align/Aligned.out.sam
output summary file: /projects/bgmp/jadler2/bioinfo/Bi623/QAA/map_v_unmap.txt
mapped reads: 6969878
unmapped reads: 225938
	Command being timed: "/projects/bgmp/jadler2/bioinfo/Bi621/PS/ps8-adler-sudo/sam_filter.py -f /projects/bgmp/jadler2/bioinfo/Bi623/QAA/align/Aligned.out.sam -o /projects/bgmp/jadler2/bioinfo/Bi623/QAA/map_v_unmap.txt"
	User time (seconds): 10.25
	System time (seconds): 0.66
	Percent of CPU this job got: 99%
	Elapsed (wall clock) time (h:mm:ss or m:ss): 0:10.95
	Average shared text size (kbytes): 0
	Average unshared data size (kbytes): 0
	Average stack size (kbytes): 0
	Average total size (kbytes): 0
	Maximum resident set size (kbytes): 8836
	Average resident set size (kbytes): 0
	Major (requiring I/O) page faults: 0
	Minor (reclaiming a frame) page faults: 3955
	Voluntary context switches: 180
	Involuntary context switches: 97
	Swaps: 0
	File system inputs: 0
	File system outputs: 0
	Socket messages sent: 0
	Socket messages received: 0
	Signals delivered: 0
	Page size (bytes): 4096
	Exit status: 0
