[bam_sort_core] merging from 2 files and 1 in-memory blocks...
	Command being timed: "samtools sort -O sam -T sample.sort -o align/fox/Aligned.out.sam align/fox/Aligned.out.sam"
	User time (seconds): 14.35
	System time (seconds): 1.35
	Percent of CPU this job got: 97%
	Elapsed (wall clock) time (h:mm:ss or m:ss): 0:16.07
	Average shared text size (kbytes): 0
	Average unshared data size (kbytes): 0
	Average stack size (kbytes): 0
	Average total size (kbytes): 0
	Maximum resident set size (kbytes): 918416
	Average resident set size (kbytes): 0
	Major (requiring I/O) page faults: 0
	Minor (reclaiming a frame) page faults: 19647
	Voluntary context switches: 1317
	Involuntary context switches: 98
	Swaps: 0
	File system inputs: 0
	File system outputs: 0
	Socket messages sent: 0
	Socket messages received: 0
	Signals delivered: 0
	Page size (bytes): 4096
	Exit status: 0
