[bam_sort_core] merging from 32 files and 1 in-memory blocks...
	Command being timed: "samtools sort -O sam -T sample.sort -o align/control/Aligned.out.sam align/control/Aligned.out.sam"
	User time (seconds): 230.73
	System time (seconds): 15.92
	Percent of CPU this job got: 97%
	Elapsed (wall clock) time (h:mm:ss or m:ss): 4:12.23
	Average shared text size (kbytes): 0
	Average unshared data size (kbytes): 0
	Average stack size (kbytes): 0
	Average total size (kbytes): 0
	Maximum resident set size (kbytes): 921552
	Average resident set size (kbytes): 0
	Major (requiring I/O) page faults: 0
	Minor (reclaiming a frame) page faults: 208120
	Voluntary context switches: 18017
	Involuntary context switches: 1514
	Swaps: 0
	File system inputs: 0
	File system outputs: 0
	Socket messages sent: 0
	Socket messages received: 0
	Signals delivered: 0
	Page size (bytes): 4096
	Exit status: 0
