TrimmomaticPE: Started with arguments:
 -threads 8 /projects/bgmp/jadler2/bioinfo/Bi623/QAA/adapter_trimmed/trimmed_23_4A_control_S17_L008_R1_001.fastq.gz /projects/bgmp/jadler2/bioinfo/Bi623/QAA/adapter_trimmed/trimmed_23_4A_control_S17_L008_R2_001.fastq.gz -baseout /projects/bgmp/jadler2/bioinfo/Bi623/QAA/Trim_Reads/quality_trimmed_23_4A_control_S17_L008_R1_001.fastq.gz LEADING:3 TRAILING:3 SLIDINGWINDOW:5:15 MINLEN:35
Using templated Output files: /projects/bgmp/jadler2/bioinfo/Bi623/QAA/Trim_Reads/quality_trimmed_23_4A_control_S17_L008_R1_001_1P.fastq.gz /projects/bgmp/jadler2/bioinfo/Bi623/QAA/Trim_Reads/quality_trimmed_23_4A_control_S17_L008_R1_001_1U.fastq.gz /projects/bgmp/jadler2/bioinfo/Bi623/QAA/Trim_Reads/quality_trimmed_23_4A_control_S17_L008_R1_001_2P.fastq.gz /projects/bgmp/jadler2/bioinfo/Bi623/QAA/Trim_Reads/quality_trimmed_23_4A_control_S17_L008_R1_001_2U.fastq.gz
Quality encoding detected as phred33
Input Read Pairs: 44303262 Both Surviving: 42056563 (94.93%) Forward Only Surviving: 2176785 (4.91%) Reverse Only Surviving: 31655 (0.07%) Dropped: 38259 (0.09%)
TrimmomaticPE: Completed successfully
	Command being timed: "java -jar /projects/bgmp/jadler2/bioinfo/Bi623/QAA/Trimmomatic-0.39/trimmomatic-0.39.jar PE -threads 8 /projects/bgmp/jadler2/bioinfo/Bi623/QAA/adapter_trimmed/trimmed_23_4A_control_S17_L008_R1_001.fastq.gz /projects/bgmp/jadler2/bioinfo/Bi623/QAA/adapter_trimmed/trimmed_23_4A_control_S17_L008_R2_001.fastq.gz -baseout /projects/bgmp/jadler2/bioinfo/Bi623/QAA/Trim_Reads/quality_trimmed_23_4A_control_S17_L008_R1_001.fastq.gz LEADING:3 TRAILING:3 SLIDINGWINDOW:5:15 MINLEN:35"
	User time (seconds): 2517.14
	System time (seconds): 40.36
	Percent of CPU this job got: 224%
	Elapsed (wall clock) time (h:mm:ss or m:ss): 18:56.80
	Average shared text size (kbytes): 0
	Average unshared data size (kbytes): 0
	Average stack size (kbytes): 0
	Average total size (kbytes): 0
	Maximum resident set size (kbytes): 621188
	Average resident set size (kbytes): 0
	Major (requiring I/O) page faults: 0
	Minor (reclaiming a frame) page faults: 87193
	Voluntary context switches: 511256
	Involuntary context switches: 1457
	Swaps: 0
	File system inputs: 0
	File system outputs: 1248
	Socket messages sent: 0
	Socket messages received: 0
	Signals delivered: 0
	Page size (bytes): 4096
	Exit status: 0
