                                 Started job on |	Sep 01 18:10:17
                             Started mapping on |	Sep 01 18:10:27
                                    Finished on |	Sep 01 18:10:58
       Mapping speed, Million of reads per hour |	417.82

                          Number of input reads |	3597908
                      Average input read length |	195
                                    UNIQUE READS:
                   Uniquely mapped reads number |	3332044
                        Uniquely mapped reads % |	92.61%
                          Average mapped length |	195.29
                       Number of splices: Total |	2464729
            Number of splices: Annotated (sjdb) |	2442915
                       Number of splices: GT/AG |	2439240
                       Number of splices: GC/AG |	20161
                       Number of splices: AT/AC |	2586
               Number of splices: Non-canonical |	2742
                      Mismatch rate per base, % |	0.22%
                         Deletion rate per base |	0.01%
                        Deletion average length |	2.59
                        Insertion rate per base |	0.00%
                       Insertion average length |	1.57
                             MULTI-MAPPING READS:
        Number of reads mapped to multiple loci |	155694
             % of reads mapped to multiple loci |	4.33%
        Number of reads mapped to too many loci |	31961
             % of reads mapped to too many loci |	0.89%
                                  UNMAPPED READS:
  Number of reads unmapped: too many mismatches |	0
       % of reads unmapped: too many mismatches |	0.00%
            Number of reads unmapped: too short |	75547
                 % of reads unmapped: too short |	2.10%
                Number of reads unmapped: other |	2662
                     % of reads unmapped: other |	0.07%
                                  CHIMERIC READS:
                       Number of chimeric reads |	0
                            % of chimeric reads |	0.00%
